<?xml version="1.0" encoding="UTF-8"?>
<coverage generated="1739372873250" clover="3.2.0">
  <project timestamp="1739372873250" name="All files">
    <metrics statements="141" coveredstatements="138" conditionals="85" coveredconditionals="83" methods="35" coveredmethods="32" elements="261" coveredelements="253" complexity="0" loc="141" ncloc="141" packages="7" files="15" classes="15"/>
    <package name="Contact">
      <metrics statements="17" coveredstatements="17" conditionals="6" coveredconditionals="6" methods="4" coveredmethods="4"/>
      <file name="ContactForm.tsx" path="C:\Users\29010-55-03\Desktop\projetSoeurette\src\components\Contact\ContactForm.tsx">
        <metrics statements="16" coveredstatements="16" conditionals="6" coveredconditionals="6" methods="4" coveredmethods="4"/>
        <line num="1" count="1" type="stmt"/>
        <line num="2" count="1" type="stmt"/>
        <line num="3" count="1" type="stmt"/>
        <line num="12" count="1" type="stmt"/>
        <line num="14" count="11" type="stmt"/>
        <line num="17" count="11" type="cond" truecount="1" falsecount="0"/>
        <line num="18" count="11" type="cond" truecount="1" falsecount="0"/>
        <line num="20" count="11" type="stmt"/>
        <line num="26" count="11" type="stmt"/>
        <line num="27" count="6" type="stmt"/>
        <line num="28" count="6" type="stmt"/>
        <line num="34" count="11" type="stmt"/>
        <line num="35" count="1" type="stmt"/>
        <line num="36" count="1" type="stmt"/>
        <line num="42" count="11" type="stmt"/>
        <line num="72" count="1" type="stmt"/>
      </file>
      <file name="contactForm.css" path="C:\Users\29010-55-03\Desktop\projetSoeurette\src\components\Contact\contactForm.css">
        <metrics statements="1" coveredstatements="1" conditionals="0" coveredconditionals="0" methods="0" coveredmethods="0"/>
        <line num="1" count="1" type="stmt"/>
      </file>
    </package>
    <package name="Design">
      <metrics statements="16" coveredstatements="16" conditionals="21" coveredconditionals="20" methods="6" coveredmethods="6"/>
      <file name="Design.tsx" path="C:\Users\29010-55-03\Desktop\projetSoeurette\src\components\Design\Design.tsx">
        <metrics statements="15" coveredstatements="15" conditionals="21" coveredconditionals="20" methods="6" coveredmethods="6"/>
        <line num="1" count="1" type="stmt"/>
        <line num="2" count="1" type="stmt"/>
        <line num="3" count="1" type="stmt"/>
        <line num="20" count="1" type="stmt"/>
        <line num="21" count="14" type="stmt"/>
        <line num="23" count="14" type="stmt"/>
        <line num="27" count="14" type="cond" truecount="1" falsecount="0"/>
        <line num="28" count="14" type="cond" truecount="1" falsecount="0"/>
        <line num="30" count="23" type="cond" truecount="6" falsecount="0"/>
        <line num="31" count="14" type="cond" truecount="1" falsecount="0"/>
        <line num="32" count="3" type="stmt"/>
        <line num="42" count="11" type="cond" truecount="2" falsecount="0"/>
        <line num="43" count="11" type="cond" truecount="2" falsecount="0"/>
        <line num="45" count="11" type="stmt"/>
        <line num="65" count="1" type="stmt"/>
      </file>
      <file name="design.css" path="C:\Users\29010-55-03\Desktop\projetSoeurette\src\components\Design\design.css">
        <metrics statements="1" coveredstatements="1" conditionals="0" coveredconditionals="0" methods="0" coveredmethods="0"/>
        <line num="1" count="1" type="stmt"/>
      </file>
    </package>
    <package name="EditButton">
      <metrics statements="13" coveredstatements="13" conditionals="2" coveredconditionals="2" methods="2" coveredmethods="2"/>
      <file name="HiddenEditButton.tsx" path="C:\Users\29010-55-03\Desktop\projetSoeurette\src\components\EditButton\HiddenEditButton.tsx">
        <metrics statements="12" coveredstatements="12" conditionals="2" coveredconditionals="2" methods="2" coveredmethods="2"/>
        <line num="1" count="1" type="stmt"/>
        <line num="2" count="1" type="stmt"/>
        <line num="3" count="1" type="stmt"/>
        <line num="5" count="1" type="stmt"/>
        <line num="6" count="3" type="stmt"/>
        <line num="7" count="3" type="stmt"/>
        <line num="9" count="3" type="stmt"/>
        <line num="10" count="3" type="cond" truecount="2" falsecount="0"/>
        <line num="11" count="1" type="stmt"/>
        <line num="13" count="2" type="stmt"/>
        <line num="17" count="3" type="stmt"/>
        <line num="21" count="1" type="stmt"/>
      </file>
      <file name="editbutton.css" path="C:\Users\29010-55-03\Desktop\projetSoeurette\src\components\EditButton\editbutton.css">
        <metrics statements="1" coveredstatements="1" conditionals="0" coveredconditionals="0" methods="0" coveredmethods="0"/>
        <line num="1" count="1" type="stmt"/>
      </file>
    </package>
    <package name="Edition">
      <metrics statements="32" coveredstatements="29" conditionals="2" coveredconditionals="1" methods="13" coveredmethods="10"/>
      <file name="JsonEditor.tsx" path="C:\Users\29010-55-03\Desktop\projetSoeurette\src\components\Edition\JsonEditor.tsx">
        <metrics statements="31" coveredstatements="28" conditionals="2" coveredconditionals="1" methods="13" coveredmethods="10"/>
        <line num="4" count="1" type="stmt"/>
        <line num="5" count="1" type="stmt"/>
        <line num="6" count="1" type="stmt"/>
        <line num="7" count="1" type="stmt"/>
        <line num="10" count="1" type="stmt"/>
        <line num="11" count="10" type="stmt"/>
        <line num="12" count="9" type="stmt"/>
        <line num="13" count="9" type="stmt"/>
        <line num="16" count="9" type="stmt"/>
        <line num="18" count="5" type="stmt"/>
        <line num="19" count="4" type="stmt"/>
        <line num="21" count="4" type="stmt"/>
        <line num="24" count="4" type="stmt"/>
        <line num="25" count="24" type="stmt"/>
        <line num="28" count="1" type="stmt"/>
        <line num="32" count="9" type="stmt"/>
        <line num="33" count="2" type="stmt"/>
        <line num="34" count="2" type="stmt"/>
        <line num="40" count="1" type="cond" truecount="0" falsecount="1"/>
        <line num="42" count="1" type="stmt"/>
        <line num="43" count="1" type="stmt"/>
        <line num="45" count="1" type="stmt"/>
        <line num="49" count="9" type="cond" truecount="1" falsecount="0"/>
        <line num="51" count="4" type="stmt"/>
        <line num="52" count="1" type="stmt"/>
        <line num="55" count="4" type="stmt"/>
        <line num="89" count="2" type="stmt"/>
        <line num="116" count="0" type="stmt"/>
        <line num="131" count="0" type="stmt"/>
        <line num="153" count="0" type="stmt"/>
        <line num="168" count="1" type="stmt"/>
      </file>
      <file name="edition.css" path="C:\Users\29010-55-03\Desktop\projetSoeurette\src\components\Edition\edition.css">
        <metrics statements="1" coveredstatements="1" conditionals="0" coveredconditionals="0" methods="0" coveredmethods="0"/>
        <line num="1" count="1" type="stmt"/>
      </file>
    </package>
    <package name="Engagement">
      <metrics statements="37" coveredstatements="37" conditionals="20" coveredconditionals="20" methods="6" coveredmethods="6"/>
      <file name="Engagement.tsx" path="C:\Users\29010-55-03\Desktop\projetSoeurette\src\components\Engagement\Engagement.tsx">
        <metrics statements="11" coveredstatements="11" conditionals="14" coveredconditionals="14" methods="1" coveredmethods="1"/>
        <line num="2" count="1" type="stmt"/>
        <line num="3" count="1" type="stmt"/>
        <line num="4" count="1" type="stmt"/>
        <line num="18" count="1" type="stmt"/>
        <line num="19" count="3" type="stmt"/>
        <line num="24" count="3" type="cond" truecount="1" falsecount="0"/>
        <line num="25" count="1" type="stmt"/>
        <line num="28" count="3" type="cond" truecount="1" falsecount="0"/>
        <line num="29" count="1" type="stmt"/>
        <line num="32" count="3" type="stmt"/>
        <line num="106" count="1" type="stmt"/>
      </file>
      <file name="engagement.css" path="C:\Users\29010-55-03\Desktop\projetSoeurette\src\components\Engagement\engagement.css">
        <metrics statements="1" coveredstatements="1" conditionals="0" coveredconditionals="0" methods="0" coveredmethods="0"/>
        <line num="1" count="1" type="stmt"/>
      </file>
      <file name="sliderAuto.tsx" path="C:\Users\29010-55-03\Desktop\projetSoeurette\src\components\Engagement\sliderAuto.tsx">
        <metrics statements="25" coveredstatements="25" conditionals="6" coveredconditionals="6" methods="5" coveredmethods="5"/>
        <line num="1" count="2" type="stmt"/>
        <line num="3" count="2" type="stmt"/>
        <line num="6" count="15" type="stmt"/>
        <line num="7" count="15" type="stmt"/>
        <line num="8" count="15" type="stmt"/>
        <line num="9" count="15" type="stmt"/>
        <line num="12" count="15" type="stmt"/>
        <line num="20" count="15" type="stmt"/>
        <line num="30" count="15" type="stmt"/>
        <line num="31" count="15" type="stmt"/>
        <line num="32" count="15" type="stmt"/>
        <line num="33" count="15" type="stmt"/>
        <line num="36" count="15" type="stmt"/>
        <line num="37" count="10" type="stmt"/>
        <line num="38" count="10" type="stmt"/>
        <line num="39" count="10" type="stmt"/>
        <line num="40" count="8" type="stmt"/>
        <line num="41" count="8" type="stmt"/>
        <line num="42" count="8" type="stmt"/>
        <line num="43" count="8" type="stmt"/>
        <line num="49" count="15" type="stmt"/>
        <line num="50" count="14" type="stmt"/>
        <line num="51" count="14" type="stmt"/>
        <line num="55" count="15" type="stmt"/>
        <line num="136" count="2" type="stmt"/>
      </file>
    </package>
    <package name="Header">
      <metrics statements="15" coveredstatements="15" conditionals="6" coveredconditionals="6" methods="3" coveredmethods="3"/>
      <file name="Header.tsx" path="C:\Users\29010-55-03\Desktop\projetSoeurette\src\components\Header\Header.tsx">
        <metrics statements="14" coveredstatements="14" conditionals="6" coveredconditionals="6" methods="3" coveredmethods="3"/>
        <line num="2" count="1" type="stmt"/>
        <line num="3" count="1" type="stmt"/>
        <line num="4" count="1" type="stmt"/>
        <line num="10" count="1" type="stmt"/>
        <line num="11" count="4" type="stmt"/>
        <line num="12" count="4" type="cond" truecount="1" falsecount="0"/>
        <line num="13" count="1" type="stmt"/>
        <line num="16" count="4" type="cond" truecount="1" falsecount="0"/>
        <line num="17" count="1" type="stmt"/>
        <line num="20" count="4" type="stmt"/>
        <line num="21" count="4" type="stmt"/>
        <line num="24" count="4" type="stmt"/>
        <line num="28" count="4" type="stmt"/>
        <line num="35" count="1" type="stmt"/>
      </file>
      <file name="header.css" path="C:\Users\29010-55-03\Desktop\projetSoeurette\src\components\Header\header.css">
        <metrics statements="1" coveredstatements="1" conditionals="0" coveredconditionals="0" methods="0" coveredmethods="0"/>
        <line num="1" count="1" type="stmt"/>
      </file>
    </package>
    <package name="Presentation">
      <metrics statements="11" coveredstatements="11" conditionals="28" coveredconditionals="28" methods="1" coveredmethods="1"/>
      <file name="Presentation.tsx" path="C:\Users\29010-55-03\Desktop\projetSoeurette\src\components\Presentation\Presentation.tsx">
        <metrics statements="10" coveredstatements="10" conditionals="28" coveredconditionals="28" methods="1" coveredmethods="1"/>
        <line num="2" count="1" type="stmt"/>
        <line num="3" count="1" type="stmt"/>
        <line num="13" count="1" type="stmt"/>
        <line num="14" count="3" type="stmt"/>
        <line num="15" count="3" type="cond" truecount="1" falsecount="0"/>
        <line num="16" count="1" type="stmt"/>
        <line num="19" count="3" type="cond" truecount="1" falsecount="0"/>
        <line num="20" count="1" type="stmt"/>
        <line num="23" count="3" type="stmt"/>
        <line num="60" count="1" type="stmt"/>
      </file>
      <file name="presentation.css" path="C:\Users\29010-55-03\Desktop\projetSoeurette\src\components\Presentation\presentation.css">
        <metrics statements="1" coveredstatements="1" conditionals="0" coveredconditionals="0" methods="0" coveredmethods="0"/>
        <line num="1" count="1" type="stmt"/>
      </file>
    </package>
  </project>
</coverage>
