{"C:\\Users\\29010-55-03\\Desktop\\projetSoeurette\\src\\components\\Contact\\ContactForm.tsx": {"path":"C:\\Users\\29010-55-03\\Desktop\\projetSoeurette\\src\\components\\Contact\\ContactForm.tsx","statementMap":{"0":{"start":{"line":1,"column":0},"end":{"line":1,"column":51}},"1":{"start":{"line":2,"column":0},"end":{"line":2,"column":55}},"2":{"start":{"line":3,"column":0},"end":{"line":3,"column":26}},"3":{"start":{"line":12,"column":30},"end":{"line":72,"column":1}},"4":{"start":{"line":14,"column":37},"end":{"line":14,"column":null}},"5":{"start":{"line":17,"column":4},"end":{"line":17,"column":52}},"6":{"start":{"line":17,"column":19},"end":{"line":17,"column":50}},"7":{"start":{"line":18,"column":4},"end":{"line":18,"column":50}},"8":{"start":{"line":18,"column":17},"end":{"line":18,"column":48}},"9":{"start":{"line":20,"column":36},"end":{"line":24,"column":6}},"10":{"start":{"line":26,"column":25},"end":{"line":32,"column":5}},"11":{"start":{"line":27,"column":32},"end":{"line":27,"column":40}},"12":{"start":{"line":28,"column":8},"end":{"line":31,"column":12}},"13":{"start":{"line":28,"column":34},"end":{"line":30,"column":null}},"14":{"start":{"line":34,"column":25},"end":{"line":39,"column":5}},"15":{"start":{"line":35,"column":8},"end":{"line":35,"column":27}},"16":{"start":{"line":36,"column":8},"end":{"line":36,"column":54}},"17":{"start":{"line":42,"column":4},"end":{"line":70,"column":6}},"18":{"start":{"line":72,"column":3},"end":{"line":72,"column":30}}},"fnMap":{"0":{"name":"(anonymous_0)","decl":{"start":{"line":12,"column":30},"end":{"line":12,"column":33}},"loc":{"start":{"line":12,"column":35},"end":{"line":72,"column":1}}},"1":{"name":"(anonymous_1)","decl":{"start":{"line":26,"column":25},"end":{"line":26,"column":26}},"loc":{"start":{"line":26,"column":90},"end":{"line":32,"column":5}}},"2":{"name":"(anonymous_2)","decl":{"start":{"line":28,"column":20},"end":{"line":28,"column":21}},"loc":{"start":{"line":28,"column":34},"end":{"line":30,"column":null}}},"3":{"name":"(anonymous_3)","decl":{"start":{"line":34,"column":25},"end":{"line":34,"column":26}},"loc":{"start":{"line":34,"column":42},"end":{"line":39,"column":5}}}},"branchMap":{"0":{"loc":{"start":{"line":17,"column":4},"end":{"line":17,"column":52}},"type":"if","locations":[{"start":{"line":17,"column":4},"end":{"line":17,"column":52}}]},"1":{"loc":{"start":{"line":18,"column":4},"end":{"line":18,"column":50}},"type":"if","locations":[{"start":{"line":18,"column":4},"end":{"line":18,"column":50}}]},"2":{"loc":{"start":{"line":47,"column":55},"end":{"line":47,"column":77}},"type":"cond-expr","locations":[{"start":{"line":47,"column":59},"end":{"line":47,"column":61}},{"start":{"line":47,"column":55},"end":{"line":47,"column":77}}]},"3":{"loc":{"start":{"line":47,"column":55},"end":{"line":47,"column":61}},"type":"binary-expr","locations":[{"start":{"line":47,"column":55},"end":{"line":47,"column":61}},{"start":{"line":47,"column":55},"end":{"line":47,"column":61}}]}},"s":{"0":1,"1":1,"2":1,"3":1,"4":11,"5":11,"6":1,"7":11,"8":1,"9":11,"10":11,"11":6,"12":6,"13":6,"14":11,"15":1,"16":1,"17":11,"18":1},"f":{"0":11,"1":6,"2":6,"3":1},"b":{"0":[1],"1":[1],"2":[2,9],"3":[11,9]}}
,"C:\\Users\\29010-55-03\\Desktop\\projetSoeurette\\src\\components\\Contact\\contactForm.css": {"path":"C:\\Users\\29010-55-03\\Desktop\\projetSoeurette\\src\\components\\Contact\\contactForm.css","statementMap":{"0":{"start":{"line":1,"column":0},"end":{"line":1,"column":19}}},"fnMap":{},"branchMap":{},"s":{"0":1},"f":{},"b":{},"_coverageSchema":"1a1c01bbd47fc00a2c39e90264f33305004495a9","hash":"3d8dd336e40885ffb88eb5add1ba2b461f9fe981"}
,"C:\\Users\\29010-55-03\\Desktop\\projetSoeurette\\src\\components\\Design\\Design.tsx": {"path":"C:\\Users\\29010-55-03\\Desktop\\projetSoeurette\\src\\components\\Design\\Design.tsx","statementMap":{"0":{"start":{"line":1,"column":0},"end":{"line":1,"column":40}},"1":{"start":{"line":2,"column":0},"end":{"line":2,"column":55}},"2":{"start":{"line":3,"column":0},"end":{"line":3,"column":21}},"3":{"start":{"line":20,"column":25},"end":{"line":65,"column":1}},"4":{"start":{"line":21,"column":44},"end":{"line":21,"column":55}},"5":{"start":{"line":23,"column":37},"end":{"line":23,"column":null}},"6":{"start":{"line":27,"column":4},"end":{"line":27,"column":52}},"7":{"start":{"line":27,"column":19},"end":{"line":27,"column":50}},"8":{"start":{"line":28,"column":4},"end":{"line":28,"column":50}},"9":{"start":{"line":28,"column":17},"end":{"line":28,"column":48}},"10":{"start":{"line":30,"column":25},"end":{"line":30,"column":78}},"11":{"start":{"line":30,"column":57},"end":{"line":30,"column":71}},"12":{"start":{"line":31,"column":4},"end":{"line":40,"column":5}},"13":{"start":{"line":32,"column":8},"end":{"line":39,"column":10}},"14":{"start":{"line":42,"column":25},"end":{"line":42,"column":125}},"15":{"start":{"line":42,"column":33},"end":{"line":42,"column":123}},"16":{"start":{"line":42,"column":63},"end":{"line":42,"column":120}},"17":{"start":{"line":43,"column":21},"end":{"line":43,"column":121}},"18":{"start":{"line":43,"column":29},"end":{"line":43,"column":119}},"19":{"start":{"line":43,"column":59},"end":{"line":43,"column":116}},"20":{"start":{"line":45,"column":4},"end":{"line":63,"column":6}},"21":{"start":{"line":65,"column":3},"end":{"line":65,"column":25}}},"fnMap":{"0":{"name":"(anonymous_0)","decl":{"start":{"line":20,"column":25},"end":{"line":20,"column":28}},"loc":{"start":{"line":20,"column":30},"end":{"line":65,"column":1}}},"1":{"name":"(anonymous_1)","decl":{"start":{"line":30,"column":49},"end":{"line":30,"column":53}},"loc":{"start":{"line":30,"column":57},"end":{"line":30,"column":71}}},"2":{"name":"(anonymous_2)","decl":{"start":{"line":42,"column":25},"end":{"line":42,"column":28}},"loc":{"start":{"line":42,"column":30},"end":{"line":42,"column":125}}},"3":{"name":"(anonymous_3)","decl":{"start":{"line":42,"column":49},"end":{"line":42,"column":58}},"loc":{"start":{"line":42,"column":63},"end":{"line":42,"column":120}}},"4":{"name":"(anonymous_4)","decl":{"start":{"line":43,"column":21},"end":{"line":43,"column":24}},"loc":{"start":{"line":43,"column":26},"end":{"line":43,"column":121}}},"5":{"name":"(anonymous_5)","decl":{"start":{"line":43,"column":45},"end":{"line":43,"column":54}},"loc":{"start":{"line":43,"column":59},"end":{"line":43,"column":116}}}},"branchMap":{"0":{"loc":{"start":{"line":27,"column":4},"end":{"line":27,"column":52}},"type":"if","locations":[{"start":{"line":27,"column":4},"end":{"line":27,"column":52}}]},"1":{"loc":{"start":{"line":28,"column":4},"end":{"line":28,"column":50}},"type":"if","locations":[{"start":{"line":28,"column":4},"end":{"line":28,"column":50}}]},"2":{"loc":{"start":{"line":30,"column":25},"end":{"line":30,"column":78}},"type":"binary-expr","locations":[{"start":{"line":30,"column":25},"end":{"line":30,"column":72}},{"start":{"line":30,"column":76},"end":{"line":30,"column":78}}]},"3":{"loc":{"start":{"line":30,"column":25},"end":{"line":30,"column":72}},"type":"cond-expr","locations":[{"start":{"line":30,"column":29},"end":{"line":30,"column":31}},{"start":{"line":30,"column":25},"end":{"line":30,"column":72}}]},"4":{"loc":{"start":{"line":30,"column":25},"end":{"line":30,"column":31}},"type":"binary-expr","locations":[{"start":{"line":30,"column":25},"end":{"line":30,"column":31}},{"start":{"line":30,"column":25},"end":{"line":30,"column":31}}]},"5":{"loc":{"start":{"line":31,"column":4},"end":{"line":40,"column":5}},"type":"if","locations":[{"start":{"line":31,"column":4},"end":{"line":40,"column":5}}]},"6":{"loc":{"start":{"line":35,"column":25},"end":{"line":35,"column":47}},"type":"cond-expr","locations":[{"start":{"line":35,"column":29},"end":{"line":35,"column":31}},{"start":{"line":35,"column":25},"end":{"line":35,"column":47}}]},"7":{"loc":{"start":{"line":35,"column":25},"end":{"line":35,"column":31}},"type":"binary-expr","locations":[{"start":{"line":35,"column":25},"end":{"line":35,"column":31}},{"start":{"line":35,"column":25},"end":{"line":35,"column":31}}]},"8":{"loc":{"start":{"line":42,"column":63},"end":{"line":42,"column":120}},"type":"cond-expr","locations":[{"start":{"line":42,"column":81},"end":{"line":42,"column":104}},{"start":{"line":42,"column":107},"end":{"line":42,"column":120}}]},"9":{"loc":{"start":{"line":43,"column":59},"end":{"line":43,"column":116}},"type":"cond-expr","locations":[{"start":{"line":43,"column":99},"end":{"line":43,"column":100}},{"start":{"line":43,"column":103},"end":{"line":43,"column":116}}]},"10":{"loc":{"start":{"line":48,"column":21},"end":{"line":48,"column":43}},"type":"cond-expr","locations":[{"start":{"line":48,"column":25},"end":{"line":48,"column":27}},{"start":{"line":48,"column":21},"end":{"line":48,"column":43}}]},"11":{"loc":{"start":{"line":48,"column":21},"end":{"line":48,"column":27}},"type":"binary-expr","locations":[{"start":{"line":48,"column":21},"end":{"line":48,"column":27}},{"start":{"line":48,"column":21},"end":{"line":48,"column":27}}]}},"s":{"0":1,"1":1,"2":1,"3":1,"4":14,"5":14,"6":14,"7":1,"8":14,"9":1,"10":14,"11":23,"12":14,"13":3,"14":11,"15":2,"16":2,"17":11,"18":4,"19":4,"20":11,"21":1},"f":{"0":14,"1":23,"2":2,"3":2,"4":4,"5":4},"b":{"0":[1],"1":[1],"2":[14,2],"3":[2,12],"4":[14,12],"5":[3],"6":[2,1],"7":[3,1],"8":[1,1],"9":[1,3],"10":[0,11],"11":[11,11]}}
,"C:\\Users\\29010-55-03\\Desktop\\projetSoeurette\\src\\components\\Design\\design.css": {"path":"C:\\Users\\29010-55-03\\Desktop\\projetSoeurette\\src\\components\\Design\\design.css","statementMap":{"0":{"start":{"line":1,"column":0},"end":{"line":1,"column":19}}},"fnMap":{},"branchMap":{},"s":{"0":1},"f":{},"b":{},"_coverageSchema":"1a1c01bbd47fc00a2c39e90264f33305004495a9","hash":"2b361abdcf37c4f881ea2e46a32a8c54d83479c7"}
,"C:\\Users\\29010-55-03\\Desktop\\projetSoeurette\\src\\components\\EditButton\\HiddenEditButton.tsx": {"path":"C:\\Users\\29010-55-03\\Desktop\\projetSoeurette\\src\\components\\EditButton\\HiddenEditButton.tsx","statementMap":{"0":{"start":{"line":1,"column":0},"end":{"line":1,"column":33}},"1":{"start":{"line":2,"column":0},"end":{"line":2,"column":47}},"2":{"start":{"line":3,"column":0},"end":{"line":3,"column":25}},"3":{"start":{"line":5,"column":25},"end":{"line":21,"column":1}},"4":{"start":{"line":6,"column":40},"end":{"line":6,"column":51}},"5":{"start":{"line":7,"column":21},"end":{"line":7,"column":34}},"6":{"start":{"line":9,"column":24},"end":{"line":15,"column":5}},"7":{"start":{"line":10,"column":8},"end":{"line":14,"column":9}},"8":{"start":{"line":11,"column":12},"end":{"line":11,"column":31}},"9":{"start":{"line":13,"column":12},"end":{"line":13,"column":42}},"10":{"start":{"line":17,"column":4},"end":{"line":19,"column":6}},"11":{"start":{"line":21,"column":3},"end":{"line":21,"column":35}}},"fnMap":{"0":{"name":"(anonymous_0)","decl":{"start":{"line":5,"column":25},"end":{"line":5,"column":28}},"loc":{"start":{"line":5,"column":30},"end":{"line":21,"column":1}}},"1":{"name":"(anonymous_1)","decl":{"start":{"line":9,"column":24},"end":{"line":9,"column":27}},"loc":{"start":{"line":9,"column":29},"end":{"line":15,"column":5}}}},"branchMap":{"0":{"loc":{"start":{"line":10,"column":8},"end":{"line":14,"column":9}},"type":"if","locations":[{"start":{"line":10,"column":8},"end":{"line":14,"column":9}},{"start":{"line":12,"column":15},"end":{"line":14,"column":9}}]}},"s":{"0":1,"1":1,"2":1,"3":1,"4":3,"5":3,"6":3,"7":3,"8":1,"9":2,"10":3,"11":1},"f":{"0":3,"1":3},"b":{"0":[1,2]}}
,"C:\\Users\\29010-55-03\\Desktop\\projetSoeurette\\src\\components\\EditButton\\editbutton.css": {"path":"C:\\Users\\29010-55-03\\Desktop\\projetSoeurette\\src\\components\\EditButton\\editbutton.css","statementMap":{"0":{"start":{"line":1,"column":0},"end":{"line":1,"column":19}}},"fnMap":{},"branchMap":{},"s":{"0":1},"f":{},"b":{},"_coverageSchema":"1a1c01bbd47fc00a2c39e90264f33305004495a9","hash":"c035e221df89543ab295d9fbd5516fceffd58db3"}
,"C:\\Users\\29010-55-03\\Desktop\\projetSoeurette\\src\\components\\Edition\\JsonEditor.tsx": {"path":"C:\\Users\\29010-55-03\\Desktop\\projetSoeurette\\src\\components\\Edition\\JsonEditor.tsx","statementMap":{"0":{"start":{"line":4,"column":0},"end":{"line":4,"column":51}},"1":{"start":{"line":5,"column":0},"end":{"line":5,"column":42}},"2":{"start":{"line":6,"column":0},"end":{"line":6,"column":47}},"3":{"start":{"line":7,"column":0},"end":{"line":7,"column":22}},"4":{"start":{"line":10,"column":29},"end":{"line":166,"column":1}},"5":{"start":{"line":11,"column":26},"end":{"line":11,"column":45}},"6":{"start":{"line":12,"column":47},"end":{"line":12,"column":56}},"7":{"start":{"line":13,"column":19},"end":{"line":13,"column":32}},"8":{"start":{"line":16,"column":2},"end":{"line":29,"column":17}},"9":{"start":{"line":18,"column":4},"end":{"line":28,"column":72}},"10":{"start":{"line":19,"column":21},"end":{"line":19,"column":31}},"11":{"start":{"line":21,"column":8},"end":{"line":21,"column":22}},"12":{"start":{"line":24,"column":8},"end":{"line":26,"column":11}},"13":{"start":{"line":25,"column":10},"end":{"line":25,"column":35}},"14":{"start":{"line":28,"column":24},"end":{"line":28,"column":70}},"15":{"start":{"line":32,"column":19},"end":{"line":47,"column":2}},"16":{"start":{"line":32,"column":46},"end":{"line":47,"column":2}},"17":{"start":{"line":33,"column":4},"end":{"line":46,"column":5}},"18":{"start":{"line":34,"column":25},"end":{"line":38,"column":10}},"19":{"start":{"line":40,"column":8},"end":{"line":40,"column":74}},"20":{"start":{"line":40,"column":26},"end":{"line":40,"column":74}},"21":{"start":{"line":42,"column":8},"end":{"line":42,"column":29}},"22":{"start":{"line":43,"column":8},"end":{"line":43,"column":52}},"23":{"start":{"line":45,"column":8},"end":{"line":45,"column":41}},"24":{"start":{"line":49,"column":2},"end":{"line":49,"column":41}},"25":{"start":{"line":49,"column":13},"end":{"line":49,"column":41}},"26":{"start":{"line":51,"column":22},"end":{"line":53,"column":3}},"27":{"start":{"line":52,"column":4},"end":{"line":52,"column":30}},"28":{"start":{"line":55,"column":2},"end":{"line":165,"column":4}},"29":{"start":{"line":89,"column":14},"end":{"line":89,"column":null}},"30":{"start":{"line":116,"column":14},"end":{"line":116,"column":31}},"31":{"start":{"line":131,"column":14},"end":{"line":131,"column":31}},"32":{"start":{"line":153,"column":16},"end":{"line":153,"column":33}},"33":{"start":{"line":168,"column":0},"end":{"line":168,"column":26}}},"fnMap":{"0":{"name":"(anonymous_7)","decl":{"start":{"line":10,"column":29},"end":{"line":10,"column":32}},"loc":{"start":{"line":10,"column":34},"end":{"line":166,"column":1}}},"1":{"name":"(anonymous_8)","decl":{"start":{"line":16,"column":12},"end":{"line":16,"column":15}},"loc":{"start":{"line":16,"column":17},"end":{"line":29,"column":3}}},"2":{"name":"(anonymous_9)","decl":{"start":{"line":19,"column":12},"end":{"line":19,"column":13}},"loc":{"start":{"line":19,"column":21},"end":{"line":19,"column":31}}},"3":{"name":"(anonymous_10)","decl":{"start":{"line":20,"column":12},"end":{"line":20,"column":13}},"loc":{"start":{"line":20,"column":21},"end":{"line":27,"column":7}}},"4":{"name":"(anonymous_11)","decl":{"start":{"line":24,"column":34},"end":{"line":24,"column":35}},"loc":{"start":{"line":24,"column":42},"end":{"line":26,"column":9}}},"5":{"name":"(anonymous_12)","decl":{"start":{"line":28,"column":13},"end":{"line":28,"column":14}},"loc":{"start":{"line":28,"column":24},"end":{"line":28,"column":70}}},"6":{"name":"(anonymous_13)","decl":{"start":{"line":32,"column":19},"end":{"line":32,"column":26}},"loc":{"start":{"line":32,"column":46},"end":{"line":47,"column":2}}},"7":{"name":"(anonymous_14)","decl":{"start":{"line":32,"column":46},"end":{"line":32,"column":null}},"loc":{"start":{"line":32,"column":46},"end":{"line":47,"column":1}}},"8":{"name":"(anonymous_15)","decl":{"start":{"line":51,"column":22},"end":{"line":51,"column":25}},"loc":{"start":{"line":51,"column":27},"end":{"line":53,"column":3}}},"9":{"name":"(anonymous_16)","decl":{"start":{"line":88,"column":32},"end":{"line":88,"column":33}},"loc":{"start":{"line":89,"column":14},"end":{"line":89,"column":null}}},"10":{"name":"(anonymous_17)","decl":{"start":{"line":115,"column":32},"end":{"line":115,"column":33}},"loc":{"start":{"line":116,"column":14},"end":{"line":116,"column":31}}},"11":{"name":"(anonymous_18)","decl":{"start":{"line":130,"column":33},"end":{"line":130,"column":34}},"loc":{"start":{"line":131,"column":14},"end":{"line":131,"column":31}}},"12":{"name":"(anonymous_19)","decl":{"start":{"line":152,"column":45},"end":{"line":152,"column":46}},"loc":{"start":{"line":153,"column":16},"end":{"line":153,"column":33}}}},"branchMap":{"0":{"loc":{"start":{"line":40,"column":8},"end":{"line":40,"column":74}},"type":"if","locations":[{"start":{"line":40,"column":8},"end":{"line":40,"column":74}}]},"1":{"loc":{"start":{"line":49,"column":2},"end":{"line":49,"column":41}},"type":"if","locations":[{"start":{"line":49,"column":2},"end":{"line":49,"column":41}}]}},"s":{"0":1,"1":1,"2":1,"3":1,"4":1,"5":10,"6":9,"7":9,"8":9,"9":5,"10":4,"11":4,"12":4,"13":24,"14":1,"15":9,"16":2,"17":2,"18":2,"19":1,"20":0,"21":1,"22":1,"23":1,"24":9,"25":5,"26":4,"27":1,"28":4,"29":2,"30":0,"31":0,"32":0,"33":1},"f":{"0":10,"1":5,"2":4,"3":4,"4":24,"5":1,"6":2,"7":2,"8":1,"9":2,"10":0,"11":0,"12":0},"b":{"0":[0],"1":[5]}}
,"C:\\Users\\29010-55-03\\Desktop\\projetSoeurette\\src\\components\\Edition\\edition.css": {"path":"C:\\Users\\29010-55-03\\Desktop\\projetSoeurette\\src\\components\\Edition\\edition.css","statementMap":{"0":{"start":{"line":1,"column":0},"end":{"line":1,"column":19}}},"fnMap":{},"branchMap":{},"s":{"0":1},"f":{},"b":{},"_coverageSchema":"1a1c01bbd47fc00a2c39e90264f33305004495a9","hash":"546cafddedcf7e39101bbcf7884e11cd06836f9a"}
,"C:\\Users\\29010-55-03\\Desktop\\projetSoeurette\\src\\components\\Engagement\\Engagement.tsx": {"path":"C:\\Users\\29010-55-03\\Desktop\\projetSoeurette\\src\\components\\Engagement\\Engagement.tsx","statementMap":{"0":{"start":{"line":2,"column":0},"end":{"line":2,"column":37}},"1":{"start":{"line":3,"column":0},"end":{"line":3,"column":55}},"2":{"start":{"line":4,"column":0},"end":{"line":4,"column":25}},"3":{"start":{"line":18,"column":29},"end":{"line":104,"column":1}},"4":{"start":{"line":19,"column":37},"end":{"line":19,"column":null}},"5":{"start":{"line":24,"column":4},"end":{"line":26,"column":5}},"6":{"start":{"line":25,"column":8},"end":{"line":25,"column":39}},"7":{"start":{"line":28,"column":4},"end":{"line":30,"column":5}},"8":{"start":{"line":29,"column":8},"end":{"line":29,"column":39}},"9":{"start":{"line":32,"column":4},"end":{"line":103,"column":6}},"10":{"start":{"line":106,"column":0},"end":{"line":106,"column":26}}},"fnMap":{"0":{"name":"(anonymous_1)","decl":{"start":{"line":18,"column":29},"end":{"line":18,"column":32}},"loc":{"start":{"line":18,"column":34},"end":{"line":104,"column":1}}}},"branchMap":{"0":{"loc":{"start":{"line":24,"column":4},"end":{"line":26,"column":5}},"type":"if","locations":[{"start":{"line":24,"column":4},"end":{"line":26,"column":5}}]},"1":{"loc":{"start":{"line":28,"column":4},"end":{"line":30,"column":5}},"type":"if","locations":[{"start":{"line":28,"column":4},"end":{"line":30,"column":5}}]},"2":{"loc":{"start":{"line":60,"column":20},"end":{"line":60,"column":42}},"type":"cond-expr","locations":[{"start":{"line":60,"column":24},"end":{"line":60,"column":26}},{"start":{"line":60,"column":20},"end":{"line":60,"column":42}}]},"3":{"loc":{"start":{"line":60,"column":20},"end":{"line":60,"column":26}},"type":"binary-expr","locations":[{"start":{"line":60,"column":20},"end":{"line":60,"column":26}},{"start":{"line":60,"column":20},"end":{"line":60,"column":26}}]},"4":{"loc":{"start":{"line":65,"column":24},"end":{"line":65,"column":50}},"type":"cond-expr","locations":[{"start":{"line":65,"column":28},"end":{"line":65,"column":30}},{"start":{"line":65,"column":24},"end":{"line":65,"column":50}}]},"5":{"loc":{"start":{"line":65,"column":24},"end":{"line":65,"column":30}},"type":"binary-expr","locations":[{"start":{"line":65,"column":24},"end":{"line":65,"column":30}},{"start":{"line":65,"column":24},"end":{"line":65,"column":30}}]},"6":{"loc":{"start":{"line":67,"column":27},"end":{"line":67,"column":53}},"type":"cond-expr","locations":[{"start":{"line":67,"column":31},"end":{"line":67,"column":33}},{"start":{"line":67,"column":27},"end":{"line":67,"column":53}}]},"7":{"loc":{"start":{"line":67,"column":27},"end":{"line":67,"column":33}},"type":"binary-expr","locations":[{"start":{"line":67,"column":27},"end":{"line":67,"column":33}},{"start":{"line":67,"column":27},"end":{"line":67,"column":33}}]}},"s":{"0":1,"1":1,"2":1,"3":1,"4":3,"5":3,"6":1,"7":3,"8":1,"9":3,"10":1},"f":{"0":3},"b":{"0":[1],"1":[1],"2":[2,1],"3":[3,1],"4":[2,1],"5":[3,1],"6":[2,1],"7":[3,1]}}
,"C:\\Users\\29010-55-03\\Desktop\\projetSoeurette\\src\\components\\Engagement\\engagement.css": {"path":"C:\\Users\\29010-55-03\\Desktop\\projetSoeurette\\src\\components\\Engagement\\engagement.css","statementMap":{"0":{"start":{"line":1,"column":0},"end":{"line":1,"column":19}}},"fnMap":{},"branchMap":{},"s":{"0":1},"f":{},"b":{},"_coverageSchema":"1a1c01bbd47fc00a2c39e90264f33305004495a9","hash":"679e7120ca145dff55fa1ea6d7af12a15b7631df"}
,"C:\\Users\\29010-55-03\\Desktop\\projetSoeurette\\src\\components\\Engagement\\sliderAuto.tsx": {"path":"C:\\Users\\29010-55-03\\Desktop\\projetSoeurette\\src\\components\\Engagement\\sliderAuto.tsx","statementMap":{"0":{"start":{"line":1,"column":0},"end":{"line":1,"column":51}},"1":{"start":{"line":3,"column":28},"end":{"line":134,"column":1}},"2":{"start":{"line":6,"column":21},"end":{"line":6,"column":28}},"3":{"start":{"line":7,"column":22},"end":{"line":7,"column":29}},"4":{"start":{"line":8,"column":25},"end":{"line":8,"column":29}},"5":{"start":{"line":9,"column":28},"end":{"line":9,"column":31}},"6":{"start":{"line":12,"column":20},"end":{"line":17,"column":4}},"7":{"start":{"line":20,"column":23},"end":{"line":27,"column":4}},"8":{"start":{"line":30,"column":52},"end":{"line":30,"column":63}},"9":{"start":{"line":31,"column":46},"end":{"line":31,"column":57}},"10":{"start":{"line":32,"column":36},"end":{"line":32,"column":51}},"11":{"start":{"line":33,"column":36},"end":{"line":33,"column":51}},"12":{"start":{"line":36,"column":20},"end":{"line":46,"column":3}},"13":{"start":{"line":37,"column":4},"end":{"line":37,"column":23}},"14":{"start":{"line":38,"column":4},"end":{"line":38,"column":23}},"15":{"start":{"line":39,"column":4},"end":{"line":44,"column":33}},"16":{"start":{"line":40,"column":6},"end":{"line":40,"column":43}},"17":{"start":{"line":41,"column":6},"end":{"line":41,"column":65}},"18":{"start":{"line":42,"column":6},"end":{"line":42,"column":26}},"19":{"start":{"line":43,"column":6},"end":{"line":43,"column":26}},"20":{"start":{"line":49,"column":2},"end":{"line":53,"column":23}},"21":{"start":{"line":50,"column":21},"end":{"line":50,"column":59}},"22":{"start":{"line":51,"column":4},"end":{"line":51,"column":41}},"23":{"start":{"line":51,"column":17},"end":{"line":51,"column":40}},"24":{"start":{"line":55,"column":2},"end":{"line":133,"column":4}},"25":{"start":{"line":136,"column":0},"end":{"line":136,"column":25}}},"fnMap":{"0":{"name":"(anonymous_0)","decl":{"start":{"line":3,"column":28},"end":{"line":3,"column":31}},"loc":{"start":{"line":3,"column":33},"end":{"line":134,"column":1}}},"1":{"name":"(anonymous_1)","decl":{"start":{"line":36,"column":20},"end":{"line":36,"column":23}},"loc":{"start":{"line":36,"column":25},"end":{"line":46,"column":3}}},"2":{"name":"(anonymous_2)","decl":{"start":{"line":39,"column":15},"end":{"line":39,"column":18}},"loc":{"start":{"line":39,"column":20},"end":{"line":44,"column":5}}},"3":{"name":"(anonymous_3)","decl":{"start":{"line":49,"column":12},"end":{"line":49,"column":15}},"loc":{"start":{"line":49,"column":17},"end":{"line":53,"column":3}}},"4":{"name":"(anonymous_4)","decl":{"start":{"line":51,"column":11},"end":{"line":51,"column":14}},"loc":{"start":{"line":51,"column":17},"end":{"line":51,"column":40}}}},"branchMap":{"0":{"loc":{"start":{"line":74,"column":25},"end":{"line":74,"column":50}},"type":"cond-expr","locations":[{"start":{"line":74,"column":37},"end":{"line":74,"column":44}},{"start":{"line":74,"column":47},"end":{"line":74,"column":50}}]},"1":{"loc":{"start":{"line":92,"column":25},"end":{"line":92,"column":49}},"type":"cond-expr","locations":[{"start":{"line":92,"column":37},"end":{"line":92,"column":40}},{"start":{"line":92,"column":43},"end":{"line":92,"column":49}}]},"2":{"loc":{"start":{"line":113,"column":32},"end":{"line":113,"column":64}},"type":"cond-expr","locations":[{"start":{"line":113,"column":44},"end":{"line":113,"column":52}},{"start":{"line":113,"column":55},"end":{"line":113,"column":64}}]}},"s":{"0":2,"1":2,"2":15,"3":15,"4":15,"5":15,"6":15,"7":15,"8":15,"9":15,"10":15,"11":15,"12":15,"13":10,"14":10,"15":10,"16":8,"17":8,"18":8,"19":8,"20":15,"21":14,"22":14,"23":14,"24":15,"25":2},"f":{"0":15,"1":10,"2":8,"3":14,"4":14},"b":{"0":[6,9],"1":[6,9],"2":[6,9]}}
,"C:\\Users\\29010-55-03\\Desktop\\projetSoeurette\\src\\components\\Header\\Header.tsx": {"path":"C:\\Users\\29010-55-03\\Desktop\\projetSoeurette\\src\\components\\Header\\Header.tsx","statementMap":{"0":{"start":{"line":2,"column":0},"end":{"line":2,"column":55}},"1":{"start":{"line":3,"column":0},"end":{"line":3,"column":21}},"2":{"start":{"line":4,"column":0},"end":{"line":4,"column":61}},"3":{"start":{"line":10,"column":25},"end":{"line":34,"column":1}},"4":{"start":{"line":11,"column":37},"end":{"line":11,"column":74}},"5":{"start":{"line":12,"column":4},"end":{"line":14,"column":5}},"6":{"start":{"line":13,"column":8},"end":{"line":13,"column":39}},"7":{"start":{"line":16,"column":4},"end":{"line":18,"column":5}},"8":{"start":{"line":17,"column":8},"end":{"line":17,"column":39}},"9":{"start":{"line":20,"column":26},"end":{"line":22,"column":5}},"10":{"start":{"line":21,"column":8},"end":{"line":21,"column":44}},"11":{"start":{"line":24,"column":4},"end":{"line":33,"column":6}},"12":{"start":{"line":28,"column":20},"end":{"line":28,"column":35}},"13":{"start":{"line":35,"column":0},"end":{"line":35,"column":22}}},"fnMap":{"0":{"name":"(anonymous_1)","decl":{"start":{"line":10,"column":25},"end":{"line":10,"column":28}},"loc":{"start":{"line":10,"column":30},"end":{"line":34,"column":1}}},"1":{"name":"(anonymous_2)","decl":{"start":{"line":20,"column":26},"end":{"line":20,"column":27}},"loc":{"start":{"line":20,"column":51},"end":{"line":22,"column":5}}},"2":{"name":"(anonymous_3)","decl":{"start":{"line":27,"column":37},"end":{"line":27,"column":38}},"loc":{"start":{"line":28,"column":20},"end":{"line":28,"column":35}}}},"branchMap":{"0":{"loc":{"start":{"line":12,"column":4},"end":{"line":14,"column":5}},"type":"if","locations":[{"start":{"line":12,"column":4},"end":{"line":14,"column":5}}]},"1":{"loc":{"start":{"line":16,"column":4},"end":{"line":18,"column":5}},"type":"if","locations":[{"start":{"line":16,"column":4},"end":{"line":18,"column":5}}]},"2":{"loc":{"start":{"line":27,"column":17},"end":{"line":29,"column":18}},"type":"cond-expr","locations":[{"start":{"line":27,"column":21},"end":{"line":27,"column":23}},{"start":{"line":27,"column":17},"end":{"line":29,"column":18}}]},"3":{"loc":{"start":{"line":27,"column":17},"end":{"line":27,"column":23}},"type":"binary-expr","locations":[{"start":{"line":27,"column":17},"end":{"line":27,"column":23}},{"start":{"line":27,"column":17},"end":{"line":27,"column":23}}]}},"s":{"0":1,"1":1,"2":1,"3":1,"4":4,"5":4,"6":1,"7":4,"8":1,"9":4,"10":4,"11":4,"12":4,"13":1},"f":{"0":4,"1":4,"2":4},"b":{"0":[1],"1":[1],"2":[2,2],"3":[4,2]}}
,"C:\\Users\\29010-55-03\\Desktop\\projetSoeurette\\src\\components\\Header\\header.css": {"path":"C:\\Users\\29010-55-03\\Desktop\\projetSoeurette\\src\\components\\Header\\header.css","statementMap":{"0":{"start":{"line":1,"column":0},"end":{"line":1,"column":19}}},"fnMap":{},"branchMap":{},"s":{"0":1},"f":{},"b":{},"_coverageSchema":"1a1c01bbd47fc00a2c39e90264f33305004495a9","hash":"fb0495ffce90ac8e80fcd0ad514778ad84bed5ef"}
,"C:\\Users\\29010-55-03\\Desktop\\projetSoeurette\\src\\components\\Presentation\\Presentation.tsx": {"path":"C:\\Users\\29010-55-03\\Desktop\\projetSoeurette\\src\\components\\Presentation\\Presentation.tsx","statementMap":{"0":{"start":{"line":2,"column":0},"end":{"line":2,"column":55}},"1":{"start":{"line":3,"column":0},"end":{"line":3,"column":27}},"2":{"start":{"line":13,"column":31},"end":{"line":58,"column":1}},"3":{"start":{"line":14,"column":37},"end":{"line":14,"column":87}},"4":{"start":{"line":15,"column":4},"end":{"line":17,"column":5}},"5":{"start":{"line":16,"column":8},"end":{"line":16,"column":39}},"6":{"start":{"line":19,"column":4},"end":{"line":21,"column":5}},"7":{"start":{"line":20,"column":8},"end":{"line":20,"column":39}},"8":{"start":{"line":23,"column":4},"end":{"line":57,"column":6}},"9":{"start":{"line":60,"column":0},"end":{"line":60,"column":28}}},"fnMap":{"0":{"name":"(anonymous_0)","decl":{"start":{"line":13,"column":31},"end":{"line":13,"column":34}},"loc":{"start":{"line":13,"column":36},"end":{"line":58,"column":1}}}},"branchMap":{"0":{"loc":{"start":{"line":15,"column":4},"end":{"line":17,"column":5}},"type":"if","locations":[{"start":{"line":15,"column":4},"end":{"line":17,"column":5}}]},"1":{"loc":{"start":{"line":19,"column":4},"end":{"line":21,"column":5}},"type":"if","locations":[{"start":{"line":19,"column":4},"end":{"line":21,"column":5}}]},"2":{"loc":{"start":{"line":28,"column":34},"end":{"line":28,"column":62}},"type":"cond-expr","locations":[{"start":{"line":28,"column":38},"end":{"line":28,"column":40}},{"start":{"line":28,"column":34},"end":{"line":28,"column":62}}]},"3":{"loc":{"start":{"line":28,"column":34},"end":{"line":28,"column":40}},"type":"binary-expr","locations":[{"start":{"line":28,"column":34},"end":{"line":28,"column":40}},{"start":{"line":28,"column":34},"end":{"line":28,"column":40}}]},"4":{"loc":{"start":{"line":31,"column":21},"end":{"line":31,"column":53}},"type":"cond-expr","locations":[{"start":{"line":31,"column":25},"end":{"line":31,"column":27}},{"start":{"line":31,"column":21},"end":{"line":31,"column":53}}]},"5":{"loc":{"start":{"line":31,"column":21},"end":{"line":31,"column":27}},"type":"binary-expr","locations":[{"start":{"line":31,"column":21},"end":{"line":31,"column":27}},{"start":{"line":31,"column":21},"end":{"line":31,"column":27}}]},"6":{"loc":{"start":{"line":35,"column":20},"end":{"line":35,"column":51}},"type":"cond-expr","locations":[{"start":{"line":35,"column":24},"end":{"line":35,"column":26}},{"start":{"line":35,"column":20},"end":{"line":35,"column":51}}]},"7":{"loc":{"start":{"line":35,"column":20},"end":{"line":35,"column":26}},"type":"binary-expr","locations":[{"start":{"line":35,"column":20},"end":{"line":35,"column":26}},{"start":{"line":35,"column":20},"end":{"line":35,"column":26}}]},"8":{"loc":{"start":{"line":39,"column":21},"end":{"line":39,"column":49}},"type":"cond-expr","locations":[{"start":{"line":39,"column":25},"end":{"line":39,"column":27}},{"start":{"line":39,"column":21},"end":{"line":39,"column":49}}]},"9":{"loc":{"start":{"line":39,"column":21},"end":{"line":39,"column":27}},"type":"binary-expr","locations":[{"start":{"line":39,"column":21},"end":{"line":39,"column":27}},{"start":{"line":39,"column":21},"end":{"line":39,"column":27}}]},"10":{"loc":{"start":{"line":40,"column":56},"end":{"line":40,"column":91}},"type":"binary-expr","locations":[{"start":{"line":40,"column":56},"end":{"line":40,"column":85}},{"start":{"line":40,"column":89},"end":{"line":40,"column":91}}]},"11":{"loc":{"start":{"line":40,"column":56},"end":{"line":40,"column":85}},"type":"cond-expr","locations":[{"start":{"line":40,"column":78},"end":{"line":40,"column":80}},{"start":{"line":40,"column":78},"end":{"line":40,"column":85}}]},"12":{"loc":{"start":{"line":40,"column":56},"end":{"line":40,"column":80}},"type":"binary-expr","locations":[{"start":{"line":40,"column":56},"end":{"line":40,"column":80}},{"start":{"line":40,"column":78},"end":{"line":40,"column":80}}]},"13":{"loc":{"start":{"line":40,"column":56},"end":{"line":40,"column":78}},"type":"cond-expr","locations":[{"start":{"line":40,"column":60},"end":{"line":40,"column":62}},{"start":{"line":40,"column":56},"end":{"line":40,"column":78}}]},"14":{"loc":{"start":{"line":40,"column":56},"end":{"line":40,"column":62}},"type":"binary-expr","locations":[{"start":{"line":40,"column":56},"end":{"line":40,"column":62}},{"start":{"line":40,"column":56},"end":{"line":40,"column":62}}]}},"s":{"0":1,"1":1,"2":1,"3":3,"4":3,"5":1,"6":3,"7":1,"8":3,"9":1},"f":{"0":3},"b":{"0":[1],"1":[1],"2":[2,1],"3":[3,1],"4":[2,1],"5":[3,1],"6":[2,1],"7":[3,1],"8":[2,1],"9":[3,1],"10":[3,2],"11":[2,1],"12":[3,3],"13":[2,1],"14":[3,1]}}
,"C:\\Users\\29010-55-03\\Desktop\\projetSoeurette\\src\\components\\Presentation\\presentation.css": {"path":"C:\\Users\\29010-55-03\\Desktop\\projetSoeurette\\src\\components\\Presentation\\presentation.css","statementMap":{"0":{"start":{"line":1,"column":0},"end":{"line":1,"column":19}}},"fnMap":{},"branchMap":{},"s":{"0":1},"f":{},"b":{},"_coverageSchema":"1a1c01bbd47fc00a2c39e90264f33305004495a9","hash":"b0ec6311d7180c7809a8254f4eddbd2ab866651c"}
}
